  Time          bond0       
HH:MM:SS   KB/s in  KB/s out
10:04:56      1.23      0.22
10:04:57      3.13      0.08
10:04:58      1.16      0.00
10:04:59    768.93     20.82
10:05:00    816.75      6.93
10:05:01      1.98     22.53
10:05:02      7.66      2.49
10:05:03      4.04      2.37
10:05:04      3.39      3.66
10:05:05     31.83      3.61
10:05:06      1.04      0.56
10:05:07    863.69     25.72
10:05:08      0.59      0.06
10:05:09      0.21      0.00
10:05:10      0.48      0.28
10:05:11      0.83      2.36
10:05:12      0.90      0.06
10:05:13      1.05      5.06
10:05:14      2.23     14.67
10:05:15      1.49      0.85
10:05:16      1.21      0.19
10:05:17      1.54      0.28
10:05:18      1.23      0.83
10:05:19      2.86      1.51
10:05:20      1.56      0.43
10:05:21      0.46      0.39
10:05:22      1.67      0.23
10:05:23      0.71      0.70
10:05:24      0.93      0.71
10:05:25      0.72      0.00
